[2026-04-16 09:27:14] AUTOINSTALLER - INICIO DE PROCESO
[2026-04-16 09:27:14] Modo seleccionado: Instalación personalizada
[2026-04-16 09:27:14] Total de aplicaciones: 2
[2026-04-16 09:27:14] Archivo de bitácora: C:\Users\terce\OneDrive\Documentos\ProyectoDefensa\InstaladorLT\logs\Instalación_personalizada_20260416_092714.log
[2026-04-16 09:27:14] 
[2026-04-16 09:27:14] [1/2] Procesando: Crystal Disk
[2026-04-16 09:27:14] Ruta de red: \\10.0.5.157\Soporte\Instaladores OFICINAS\Instaladores LDCOM\Utilitarios (FAVOR NO DEJAR COPIADOS ESTOS ARCHIVOS EN LOS EQUIPOS PRINCIPALMENTE LA CARPETA DE VPN-TIENE CREDENCIALES)\CrystalDiskInfo8_9_0a.exe
[2026-04-16 09:27:15] Origen accesible
[2026-04-16 09:27:15] Copiando instalador a carpeta temporal...
[2026-04-16 09:27:19] Ruta local: C:\Users\terce\AppData\Local\Temp\CrystalDiskInfo8_9_0a.exe
[2026-04-16 09:27:19] Instalando ejecutable...
[2026-04-16 09:27:19] Motor detectado: inno
[2026-04-16 09:27:19] No se definieron argumentos. Se probarán parámetros compatibles...
[2026-04-16 09:27:19] Intento 1/4 con argumentos: /VERYSILENT /SUPPRESSMSGBOXES /NORESTART
[2026-04-16 09:27:21] Instalación completada con argumentos: /VERYSILENT /SUPPRESSMSGBOXES /NORESTART
[2026-04-16 09:27:21] Archivo temporal eliminado
[2026-04-16 09:27:21] 
[2026-04-16 09:27:21] [2/2] Procesando: App innecesarias
[2026-04-16 09:27:21] Ruta de red: //10.0.5.157/Soporte/5.apps innecesarias instaladas.exe
[2026-04-16 09:27:21] Origen accesible
[2026-04-16 09:27:21] Copiando instalador a carpeta temporal...
[2026-04-16 09:27:32] Ruta local: C:\Users\terce\AppData\Local\Temp\5.apps innecesarias instaladas.exe
[2026-04-16 09:27:32] Instalando ejecutable...
[2026-04-16 09:27:33] Motor detectado: unknown
[2026-04-16 09:27:33] No se definieron argumentos. Se probarán parámetros compatibles...
[2026-04-16 09:27:33] Intento 1/3 con argumentos: /VERYSILENT /SUPPRESSMSGBOXES /NORESTART
[2026-04-16 09:28:25] Instalación completada con argumentos: /VERYSILENT /SUPPRESSMSGBOXES /NORESTART
[2026-04-16 09:28:25] Archivo temporal eliminado
[2026-04-16 09:28:25] 
[2026-04-16 09:28:25] ======================================================================
[2026-04-16 09:28:25] RESUMEN FINAL
[2026-04-16 09:28:25] ======================================================================
[2026-04-16 09:28:25] Modo ejecutado: Instalación personalizada
[2026-04-16 09:28:25] Total de aplicaciones: 2
[2026-04-16 09:28:25] Instaladas correctamente: 2
[2026-04-16 09:28:25] Fallidas: 0
[2026-04-16 09:28:25] Omitidas: 0
[2026-04-16 09:28:25] Tiempo total: 70.58 segundos
[2026-04-16 09:28:25] Bitácora: C:\Users\terce\OneDrive\Documentos\ProyectoDefensa\InstaladorLT\logs\Instalación_personalizada_20260416_092714.log
[2026-04-16 09:28:25] ======================================================================
