[2026-04-16 09:12:08] AUTOINSTALLER - INICIO DE PROCESO
[2026-04-16 09:12:08] Modo seleccionado: Instalación personalizada
[2026-04-16 09:12:08] Total de aplicaciones: 1
[2026-04-16 09:12:08] Archivo de bitácora: C:\Users\terce\OneDrive\Documentos\ProyectoDefensa\InstaladorLT\logs\Instalación_personalizada_20260416_091208.log
[2026-04-16 09:12:08] 
[2026-04-16 09:12:08] [1/1] Procesando: Crystal Disk
[2026-04-16 09:12:08] Ruta de red: \\10.0.5.157\Soporte\Instaladores OFICINAS\Instaladores LDCOM\Utilitarios (FAVOR NO DEJAR COPIADOS ESTOS ARCHIVOS EN LOS EQUIPOS PRINCIPALMENTE LA CARPETA DE VPN-TIENE CREDENCIALES)\CrystalDiskInfo8_9_0a.exe
[2026-04-16 09:12:09] Origen accesible
[2026-04-16 09:12:09] Copiando instalador a carpeta temporal...
[2026-04-16 09:12:17] Ruta local: C:\Users\terce\AppData\Local\Temp\CrystalDiskInfo8_9_0a.exe
[2026-04-16 09:12:17] Instalando ejecutable...
[2026-04-16 09:12:17] Motor detectado: inno
[2026-04-16 09:12:17] No se definieron argumentos. Se probarán parámetros compatibles...
[2026-04-16 09:12:17] Intento 1/4 con argumentos: /VERYSILENT /SUPPRESSMSGBOXES /NORESTART
[2026-04-16 09:12:18] Instalación completada con argumentos: /VERYSILENT /SUPPRESSMSGBOXES /NORESTART
[2026-04-16 09:12:18] Archivo temporal eliminado
[2026-04-16 09:12:18] 
[2026-04-16 09:12:18] ======================================================================
[2026-04-16 09:12:18] RESUMEN FINAL
[2026-04-16 09:12:18] ======================================================================
[2026-04-16 09:12:18] Modo ejecutado: Instalación personalizada
[2026-04-16 09:12:18] Total de aplicaciones: 1
[2026-04-16 09:12:18] Instaladas correctamente: 1
[2026-04-16 09:12:18] Fallidas: 0
[2026-04-16 09:12:18] Omitidas: 0
[2026-04-16 09:12:18] Tiempo total: 10.30 segundos
[2026-04-16 09:12:18] Bitácora: C:\Users\terce\OneDrive\Documentos\ProyectoDefensa\InstaladorLT\logs\Instalación_personalizada_20260416_091208.log
[2026-04-16 09:12:18] ======================================================================
