[2026-04-16 09:09:57] AUTOINSTALLER - INICIO DE PROCESO
[2026-04-16 09:09:57] Modo seleccionado: Instalación personalizada
[2026-04-16 09:09:57] Total de aplicaciones: 1
[2026-04-16 09:09:57] Archivo de bitácora: C:\Users\terce\OneDrive\Documentos\ProyectoDefensa\InstaladorLT\logs\Instalación_personalizada_20260416_090957.log
[2026-04-16 09:09:57] 
[2026-04-16 09:09:57] [1/1] Procesando: Crystal Disk
[2026-04-16 09:09:57] Ruta de red: \\10.0.5.157\Soporte\Instaladores OFICINAS\Instaladores LDCOM\Utilitarios (FAVOR NO DEJAR COPIADOS ESTOS ARCHIVOS EN LOS EQUIPOS PRINCIPALMENTE LA CARPETA DE VPN-TIENE CREDENCIALES)\CrystalDiskInfo8_9_0a.exe
[2026-04-16 09:09:57] Origen accesible
[2026-04-16 09:09:57] Copiando instalador a carpeta temporal...
[2026-04-16 09:10:06] Ruta local: C:\Users\terce\AppData\Local\Temp\CrystalDiskInfo8_9_0a.exe
[2026-04-16 09:10:06] Instalando ejecutable...
[2026-04-16 09:10:06] Motor detectado: inno
[2026-04-16 09:10:06] No se definieron argumentos. Se probarán parámetros compatibles...
[2026-04-16 09:10:06] Intento 1/4 con argumentos: /VERYSILENT /SUPPRESSMSGBOXES /NORESTART
[2026-04-16 09:10:08] Instalación completada con argumentos: /VERYSILENT /SUPPRESSMSGBOXES /NORESTART
[2026-04-16 09:10:08] Archivo temporal eliminado
[2026-04-16 09:10:08] 
[2026-04-16 09:10:08] ======================================================================
[2026-04-16 09:10:08] RESUMEN FINAL
[2026-04-16 09:10:08] ======================================================================
[2026-04-16 09:10:08] Modo ejecutado: Instalación personalizada
[2026-04-16 09:10:08] Total de aplicaciones: 1
[2026-04-16 09:10:08] Instaladas correctamente: 1
[2026-04-16 09:10:08] Fallidas: 0
[2026-04-16 09:10:08] Omitidas: 0
[2026-04-16 09:10:08] Tiempo total: 11.09 segundos
[2026-04-16 09:10:08] Bitácora: C:\Users\terce\OneDrive\Documentos\ProyectoDefensa\InstaladorLT\logs\Instalación_personalizada_20260416_090957.log
[2026-04-16 09:10:08] ======================================================================
